Using pre-set license
Built from '2021.3/staging' branch; Version is '2021.3.4f1 (cb45f9cae8b7) revision 13321721'; Using compiler version '192829333'; Build Type 'Release'
OS: 'Windows 10  (10.0.19043) 64bit Professional' Language: 'tr' Physical Memory: 8064 MB
BatchMode: 1, IsHumanControllingUs: 0, StartBugReporterOnCrash: 0, Is64bit: 1, IsPro: 1

COMMAND LINE ARGUMENTS:
C:\Program Files\Unity\Hub\Editor\2021.3.4f1\Editor\Unity.exe
-adb2
-batchMode
-noUpm
-name
AssetImportWorker1
-projectPath
C:/Users/MONSTER/Documents/GitHub/TPS_PlatformGame/TPS_Platform
-logFile
Logs/AssetImportWorker1.log
-srvPort
63900
Successfully changed project path to: C:/Users/MONSTER/Documents/GitHub/TPS_PlatformGame/TPS_Platform
C:/Users/MONSTER/Documents/GitHub/TPS_PlatformGame/TPS_Platform
[UnityMemory] Configuration Parameters - Can be set up in boot.config
    "memorysetup-bucket-allocator-granularity=16"
    "memorysetup-bucket-allocator-bucket-count=8"
    "memorysetup-bucket-allocator-block-size=33554432"
    "memorysetup-bucket-allocator-block-count=8"
    "memorysetup-main-allocator-block-size=16777216"
    "memorysetup-thread-allocator-block-size=16777216"
    "memorysetup-gfx-main-allocator-block-size=16777216"
    "memorysetup-gfx-thread-allocator-block-size=16777216"
    "memorysetup-cache-allocator-block-size=4194304"
    "memorysetup-typetree-allocator-block-size=2097152"
    "memorysetup-profiler-bucket-allocator-granularity=16"
    "memorysetup-profiler-bucket-allocator-bucket-count=8"
    "memorysetup-profiler-bucket-allocator-block-size=33554432"
    "memorysetup-profiler-bucket-allocator-block-count=8"
    "memorysetup-profiler-allocator-block-size=16777216"
    "memorysetup-profiler-editor-allocator-block-size=1048576"
    "memorysetup-temp-allocator-size-main=16777216"
    "memorysetup-job-temp-allocator-block-size=2097152"
    "memorysetup-job-temp-allocator-block-size-background=1048576"
    "memorysetup-job-temp-allocator-reduction-small-platforms=262144"
    "memorysetup-temp-allocator-size-background-worker=32768"
    "memorysetup-temp-allocator-size-job-worker=262144"
    "memorysetup-temp-allocator-size-preload-manager=33554432"
    "memorysetup-temp-allocator-size-nav-mesh-worker=65536"
    "memorysetup-temp-allocator-size-audio-worker=65536"
    "memorysetup-temp-allocator-size-cloud-worker=32768"
    "memorysetup-temp-allocator-size-gi-baking-worker=262144"
    "memorysetup-temp-allocator-size-gfx=262144"
Refreshing native plugins compatible for Editor in 121.81 ms, found 3 plugins.
Preloading 0 native plugins for Editor in 0.00 ms.
Initialize engine version: 2021.3.4f1 (cb45f9cae8b7)
[Subsystems] Discovering subsystems at path C:/Program Files/Unity/Hub/Editor/2021.3.4f1/Editor/Data/Resources/UnitySubsystems
[Subsystems] Discovering subsystems at path C:/Users/MONSTER/Documents/GitHub/TPS_PlatformGame/TPS_Platform/Assets
GfxDevice: creating device client; threaded=0; jobified=0
Direct3D:
    Version:  Direct3D 11.0 [level 11.1]
    Renderer: NVIDIA GeForce GTX 1050 Ti (ID=0x1c8c)
    Vendor:   NVIDIA
    VRAM:     4018 MB
    Driver:   26.21.14.4587
Initialize mono
Mono path[0] = 'C:/Program Files/Unity/Hub/Editor/2021.3.4f1/Editor/Data/Managed'
Mono path[1] = 'C:/Program Files/Unity/Hub/Editor/2021.3.4f1/Editor/Data/MonoBleedingEdge/lib/mono/unityjit-win32'
Mono config path = 'C:/Program Files/Unity/Hub/Editor/2021.3.4f1/Editor/Data/MonoBleedingEdge/etc'
Using monoOptions --debugger-agent=transport=dt_socket,embedding=1,server=y,suspend=n,address=127.0.0.1:56752
Begin MonoManager ReloadAssembly
Registering precompiled unity dll's ...
Register platform support module: C:/Program Files/Unity/Hub/Editor/2021.3.4f1/Editor/Data/PlaybackEngines/WebGLSupport/UnityEditor.WebGL.Extensions.dll
Register platform support module: C:/Program Files/Unity/Hub/Editor/2021.3.4f1/Editor/Data/PlaybackEngines/WindowsStandaloneSupport/UnityEditor.WindowsStandalone.Extensions.dll
Registered in 0.010775 seconds.
Native extension for WindowsStandalone target not found
Native extension for WebGL target not found
Refreshing native plugins compatible for Editor in 112.50 ms, found 3 plugins.
Preloading 0 native plugins for Editor in 0.00 ms.
Mono: successfully reloaded assembly
- Completed reload, in  0.769 seconds
Domain Reload Profiling:
	ReloadAssembly (769ms)
		BeginReloadAssembly (100ms)
			ExecutionOrderSort (0ms)
			DisableScriptedObjects (0ms)
			BackupInstance (0ms)
			ReleaseScriptingObjects (0ms)
			CreateAndSetChildDomain (1ms)
		EndReloadAssembly (536ms)
			LoadAssemblies (97ms)
			RebuildTransferFunctionScriptingTraits (0ms)
			SetupTypeCache (136ms)
			ReleaseScriptCaches (0ms)
			RebuildScriptCaches (33ms)
			SetupLoadedEditorAssemblies (306ms)
				LogAssemblyErrors (0ms)
				InitializePlatformSupportModulesInManaged (10ms)
				SetLoadedEditorAssemblies (0ms)
				RefreshPlugins (113ms)
				BeforeProcessingInitializeOnLoad (1ms)
				ProcessInitializeOnLoadAttributes (133ms)
				ProcessInitializeOnLoadMethodAttributes (49ms)
				AfterProcessingInitializeOnLoad (0ms)
				EditorAssembliesLoaded (0ms)
			ExecutionOrderSort2 (0ms)
			AwakeInstancesAfterBackupRestoration (0ms)
Platform modules already initialized, skipping
Registering precompiled user dll's ...
Registered in 0.008600 seconds.
Begin MonoManager ReloadAssembly
Symbol file LoadedFromMemory doesn't match image C:\Users\MONSTER\Documents\GitHub\TPS_PlatformGame\TPS_Platform\Library\PackageCache\com.unity.visualscripting@1.7.8\Editor\VisualScripting.Core\Dependencies\YamlDotNet\Unity.VisualScripting.YamlDotNet.dll
Symbol file LoadedFromMemory doesn't match image C:\Users\MONSTER\Documents\GitHub\TPS_PlatformGame\TPS_Platform\Library\PackageCache\com.unity.visualscripting@1.7.8\Editor\VisualScripting.Core\Dependencies\DotNetZip\Unity.VisualScripting.IonicZip.dll
Native extension for WindowsStandalone target not found
Native extension for WebGL target not found
Refreshing native plugins compatible for Editor in 1.03 ms, found 3 plugins.
Preloading 0 native plugins for Editor in 0.00 ms.
Mono: successfully reloaded assembly
- Completed reload, in  1.402 seconds
Domain Reload Profiling:
	ReloadAssembly (1403ms)
		BeginReloadAssembly (135ms)
			ExecutionOrderSort (0ms)
			DisableScriptedObjects (6ms)
			BackupInstance (0ms)
			ReleaseScriptingObjects (0ms)
			CreateAndSetChildDomain (24ms)
		EndReloadAssembly (1135ms)
			LoadAssemblies (122ms)
			RebuildTransferFunctionScriptingTraits (0ms)
			SetupTypeCache (350ms)
			ReleaseScriptCaches (1ms)
			RebuildScriptCaches (79ms)
			SetupLoadedEditorAssemblies (536ms)
				LogAssemblyErrors (0ms)
				InitializePlatformSupportModulesInManaged (9ms)
				SetLoadedEditorAssemblies (0ms)
				RefreshPlugins (1ms)
				BeforeProcessingInitializeOnLoad (146ms)
				ProcessInitializeOnLoadAttributes (328ms)
				ProcessInitializeOnLoadMethodAttributes (36ms)
				AfterProcessingInitializeOnLoad (14ms)
				EditorAssembliesLoaded (0ms)
			ExecutionOrderSort2 (0ms)
			AwakeInstancesAfterBackupRestoration (7ms)
Platform modules already initialized, skipping
========================================================================
Worker process is ready to serve import requests
Launched and connected shader compiler UnityShaderCompiler.exe after 0.06 seconds
Refreshing native plugins compatible for Editor in 0.72 ms, found 3 plugins.
Preloading 0 native plugins for Editor in 0.00 ms.
Unloading 3926 Unused Serialized files (Serialized files now loaded: 0)
Unloading 42 unused Assets / (226.0 KB). Loaded Objects now: 4382.
Memory consumption went from 141.6 MB to 141.4 MB.
Total: 5.158400 ms (FindLiveObjects: 0.405100 ms CreateObjectMapping: 0.304300 ms MarkObjects: 4.277000 ms  DeleteObjects: 0.170900 ms)

AssetImportParameters requested are different than current active one (requested -> active):
  custom:video-decoder-ogg-theora: a1e56fd34408186e4bbccfd4996cb3dc -> 
  custom:container-muxer-webm: aa71ff27fc2769a1b78a27578f13a17b -> 
  custom:container-demuxer-webm: 4f35f7cbe854078d1ac9338744f61a02 -> 
  custom:video-encoder-webm-vp8: eb34c28f22e8b96e1ab97ce403110664 -> 
  custom:audio-encoder-webm-vorbis: bf7c407c2cedff20999df2af8eb42d56 -> 
  custom:framework-win-MediaFoundation: 216162199b28c13a410421893ffa2e32 -> 
  custom:container-demuxer-ogg: 62fdf1f143b41e24485cea50d1cbac27 -> 
  custom:video-decoder-webm-vp8: 9c59270c3fd7afecdb556c50c9e8de78 -> 
  custom:audio-decoder-ogg-vorbis: bf7c407c2cedff20999df2af8eb42d56 -> 
========================================================================
Received Import Request.
  Time since last request: 1309355.780179 seconds.
  path: Assets/Sets - Gems/Textures
  artifactKey: Guid(5dfa18a360d374e0aa5142f7de48c446) Importer(815301076,1909f56bfc062723c751e8b465ee728b)
Start importing Assets/Sets - Gems/Textures using Guid(5dfa18a360d374e0aa5142f7de48c446) Importer(815301076,1909f56bfc062723c751e8b465ee728b)  -> (artifact id: '2734d0c32422bba2ad58b8ef8f3c1518') in 0.017572 seconds 
========================================================================
Received Import Request.
  Time since last request: 0.000030 seconds.
  path: Assets/Sets - Gems/Textures/_archive/GemRefractions.cubemap
  artifactKey: Guid(51e3f49dbd110a7011005aba44295342) Importer(815301076,1909f56bfc062723c751e8b465ee728b)
Start importing Assets/Sets - Gems/Textures/_archive/GemRefractions.cubemap using Guid(51e3f49dbd110a7011005aba44295342) Importer(815301076,1909f56bfc062723c751e8b465ee728b)  -> (artifact id: '3aac50378e522f29439334b74e42765d') in 0.342471 seconds 
========================================================================
Received Import Request.
  Time since last request: 0.436599 seconds.
  path: Assets/Sets - Gems/Prefabs/Gems - Blue/gem_02.prefab
  artifactKey: Guid(0debf751836fe4f90902106393f2d6e8) Importer(815301076,1909f56bfc062723c751e8b465ee728b)
Start importing Assets/Sets - Gems/Prefabs/Gems - Blue/gem_02.prefab using Guid(0debf751836fe4f90902106393f2d6e8) Importer(815301076,1909f56bfc062723c751e8b465ee728b)  -> (artifact id: '6f769d4d78f923067e4a742e08e3ea2c') in 0.049525 seconds 
========================================================================
Received Import Request.
  Time since last request: 0.000023 seconds.
  path: Assets/Sets - Gems/Prefabs/Gems - Blue/gem_09.prefab
  artifactKey: Guid(3a4bbcb92601e45c98e08f8e54caf526) Importer(815301076,1909f56bfc062723c751e8b465ee728b)
Start importing Assets/Sets - Gems/Prefabs/Gems - Blue/gem_09.prefab using Guid(3a4bbcb92601e45c98e08f8e54caf526) Importer(815301076,1909f56bfc062723c751e8b465ee728b)  -> (artifact id: 'd4e7f26f61e7ab284df611c722606f7a') in 0.026444 seconds 
========================================================================
Received Import Request.
  Time since last request: 0.000028 seconds.
  path: Assets/Sets - Gems/Prefabs/Gems - Blue/gem_13.prefab
  artifactKey: Guid(7f3ce97fcc2b44479877e7e46f36ce1e) Importer(815301076,1909f56bfc062723c751e8b465ee728b)
Start importing Assets/Sets - Gems/Prefabs/Gems - Blue/gem_13.prefab using Guid(7f3ce97fcc2b44479877e7e46f36ce1e) Importer(815301076,1909f56bfc062723c751e8b465ee728b)  -> (artifact id: 'a346d49083328d31961583e6697d0233') in 0.031936 seconds 
========================================================================
Received Import Request.
  Time since last request: 0.000046 seconds.
  path: Assets/Sets - Gems/Prefabs/Gems - Blue/gem_17.prefab
  artifactKey: Guid(0452e9865fd3e49518f9d1b77790e134) Importer(815301076,1909f56bfc062723c751e8b465ee728b)
Start importing Assets/Sets - Gems/Prefabs/Gems - Blue/gem_17.prefab using Guid(0452e9865fd3e49518f9d1b77790e134) Importer(815301076,1909f56bfc062723c751e8b465ee728b)  -> (artifact id: 'c74ea27558a7c4bf2eb76d719ba060d0') in 0.034856 seconds 
========================================================================
Received Import Request.
  Time since last request: 0.000025 seconds.
  path: Assets/Sets - Gems/Prefabs/Gems - Blue/gem_14.prefab
  artifactKey: Guid(0e2212078f3fe4e5f90dee2a583bee08) Importer(815301076,1909f56bfc062723c751e8b465ee728b)
Start importing Assets/Sets - Gems/Prefabs/Gems - Blue/gem_14.prefab using Guid(0e2212078f3fe4e5f90dee2a583bee08) Importer(815301076,1909f56bfc062723c751e8b465ee728b)  -> (artifact id: 'a61368f94b3aa7759dc99fe6c6655af8') in 0.044264 seconds 
========================================================================
Received Import Request.
  Time since last request: 0.000062 seconds.
  path: Assets/Sets - Gems/Prefabs/Gems - Blue/gem_04.prefab
  artifactKey: Guid(a00c5ccd9e6f74425bcc1ced4e3c7799) Importer(815301076,1909f56bfc062723c751e8b465ee728b)
Start importing Assets/Sets - Gems/Prefabs/Gems - Blue/gem_04.prefab using Guid(a00c5ccd9e6f74425bcc1ced4e3c7799) Importer(815301076,1909f56bfc062723c751e8b465ee728b)  -> (artifact id: 'c402e1413c6fa490305dc65605797268') in 0.041324 seconds 
========================================================================
Received Import Request.
  Time since last request: 0.000027 seconds.
  path: Assets/Sets - Gems/Prefabs/Gems - Blue/gem_08.prefab
  artifactKey: Guid(fba86566244f643ce94d8d0c62a64300) Importer(815301076,1909f56bfc062723c751e8b465ee728b)
Start importing Assets/Sets - Gems/Prefabs/Gems - Blue/gem_08.prefab using Guid(fba86566244f643ce94d8d0c62a64300) Importer(815301076,1909f56bfc062723c751e8b465ee728b)  -> (artifact id: 'bc07ad0576fbe1913d6c155b75e7f9f6') in 0.029755 seconds 
========================================================================
Received Import Request.
  Time since last request: 0.000175 seconds.
  path: Assets/Sets - Gems/Prefabs/Gems - Blue/gem_10.prefab
  artifactKey: Guid(3f200bf74d7bd422e9b1d2f9f63a64f5) Importer(815301076,1909f56bfc062723c751e8b465ee728b)
Start importing Assets/Sets - Gems/Prefabs/Gems - Blue/gem_10.prefab using Guid(3f200bf74d7bd422e9b1d2f9f63a64f5) Importer(815301076,1909f56bfc062723c751e8b465ee728b)  -> (artifact id: 'c6e0a000ed276742e5a652626b173f9d') in 0.036448 seconds 
========================================================================
Received Import Request.
  Time since last request: 0.000029 seconds.
  path: Assets/Sets - Gems/Prefabs/Gems - Blue/gem_07.prefab
  artifactKey: Guid(6334a3f7ca82543839609f106b01f331) Importer(815301076,1909f56bfc062723c751e8b465ee728b)
Start importing Assets/Sets - Gems/Prefabs/Gems - Blue/gem_07.prefab using Guid(6334a3f7ca82543839609f106b01f331) Importer(815301076,1909f56bfc062723c751e8b465ee728b)  -> (artifact id: 'b731d4b66a5b4085b4ea476227003657') in 0.034711 seconds 
========================================================================
Received Prepare
Registering precompiled user dll's ...
Registered in 0.007926 seconds.
Begin MonoManager ReloadAssembly
Symbol file LoadedFromMemory doesn't match image C:\Users\MONSTER\Documents\GitHub\TPS_PlatformGame\TPS_Platform\Library\PackageCache\com.unity.visualscripting@1.7.8\Editor\VisualScripting.Core\Dependencies\YamlDotNet\Unity.VisualScripting.YamlDotNet.dll
Symbol file LoadedFromMemory doesn't match image C:\Users\MONSTER\Documents\GitHub\TPS_PlatformGame\TPS_Platform\Library\PackageCache\com.unity.visualscripting@1.7.8\Editor\VisualScripting.Core\Dependencies\DotNetZip\Unity.VisualScripting.IonicZip.dll
Native extension for WindowsStandalone target not found
Native extension for WebGL target not found
Refreshing native plugins compatible for Editor in 1.19 ms, found 3 plugins.
Preloading 0 native plugins for Editor in 0.00 ms.
Mono: successfully reloaded assembly
- Completed reload, in  1.605 seconds
Domain Reload Profiling:
	ReloadAssembly (1606ms)
		BeginReloadAssembly (188ms)
			ExecutionOrderSort (0ms)
			DisableScriptedObjects (7ms)
			BackupInstance (0ms)
			ReleaseScriptingObjects (0ms)
			CreateAndSetChildDomain (51ms)
		EndReloadAssembly (1296ms)
			LoadAssemblies (129ms)
			RebuildTransferFunctionScriptingTraits (0ms)
			SetupTypeCache (383ms)
			ReleaseScriptCaches (3ms)
			RebuildScriptCaches (85ms)
			SetupLoadedEditorAssemblies (612ms)
				LogAssemblyErrors (0ms)
				InitializePlatformSupportModulesInManaged (29ms)
				SetLoadedEditorAssemblies (1ms)
				RefreshPlugins (1ms)
				BeforeProcessingInitializeOnLoad (133ms)
				ProcessInitializeOnLoadAttributes (383ms)
				ProcessInitializeOnLoadMethodAttributes (48ms)
				AfterProcessingInitializeOnLoad (17ms)
				EditorAssembliesLoaded (0ms)
			ExecutionOrderSort2 (0ms)
			AwakeInstancesAfterBackupRestoration (9ms)
Platform modules already initialized, skipping
Refreshing native plugins compatible for Editor in 4.26 ms, found 3 plugins.
Preloading 0 native plugins for Editor in 0.00 ms.
Unloading 3888 Unused Serialized files (Serialized files now loaded: 0)
Unloading 23 unused Assets / (201.9 KB). Loaded Objects now: 4428.
Memory consumption went from 143.2 MB to 143.0 MB.
Total: 5.153700 ms (FindLiveObjects: 0.353600 ms CreateObjectMapping: 0.291300 ms MarkObjects: 4.134700 ms  DeleteObjects: 0.371800 ms)

AssetImportParameters requested are different than current active one (requested -> active):
  custom:video-decoder-ogg-theora: a1e56fd34408186e4bbccfd4996cb3dc -> 
  custom:container-muxer-webm: aa71ff27fc2769a1b78a27578f13a17b -> 
  custom:container-demuxer-webm: 4f35f7cbe854078d1ac9338744f61a02 -> 
  custom:video-encoder-webm-vp8: eb34c28f22e8b96e1ab97ce403110664 -> 
  custom:audio-encoder-webm-vorbis: bf7c407c2cedff20999df2af8eb42d56 -> 
  custom:framework-win-MediaFoundation: 216162199b28c13a410421893ffa2e32 -> 
  custom:container-demuxer-ogg: 62fdf1f143b41e24485cea50d1cbac27 -> 
  custom:video-decoder-webm-vp8: 9c59270c3fd7afecdb556c50c9e8de78 -> 
  custom:audio-decoder-ogg-vorbis: bf7c407c2cedff20999df2af8eb42d56 -> 
